[2018-07-29 18:21:05] [INFO] - [com.xinling.test.mathsGame.BaseTest] - Prepare to Load Test Data!
[2018-07-29 18:21:05] [INFO] - [com.xinling.test.mathsGame.FunGameTest] - Inscope(1~100) test data verification!
[2018-07-29 18:21:05] [INFO] - [com.xinling.test.mathsGame.FunGameTest] - Compare the result list --- Start:
[2018-07-29 18:21:05] [INFO] - [com.xinling.test.mathsGame.FunGameTest] - The 1 line comparison: true
[2018-07-29 18:21:05] [INFO] - [com.xinling.test.mathsGame.FunGameTest] - The 2 line comparison: true
[2018-07-29 18:21:05] [INFO] - [com.xinling.test.mathsGame.FunGameTest] - The 3 line comparison: true
[2018-07-29 18:21:05] [INFO] - [com.xinling.test.mathsGame.FunGameTest] - The 4 line comparison: true
[2018-07-29 18:21:05] [INFO] - [com.xinling.test.mathsGame.FunGameTest] - The 5 line comparison: true
[2018-07-29 18:21:05] [INFO] - [com.xinling.test.mathsGame.FunGameTest] - The 6 line comparison: true
[2018-07-29 18:21:05] [INFO] - [com.xinling.test.mathsGame.FunGameTest] - The 7 line comparison: true
[2018-07-29 18:21:05] [INFO] - [com.xinling.test.mathsGame.FunGameTest] - The 8 line comparison: true
[2018-07-29 18:21:05] [INFO] - [com.xinling.test.mathsGame.FunGameTest] - The 9 line comparison: true
[2018-07-29 18:21:05] [INFO] - [com.xinling.test.mathsGame.FunGameTest] - The 10 line comparison: true
[2018-07-29 18:21:05] [INFO] - [com.xinling.test.mathsGame.FunGameTest] - The 11 line comparison: true
[2018-07-29 18:21:05] [INFO] - [com.xinling.test.mathsGame.FunGameTest] - The 12 line comparison: true
[2018-07-29 18:21:05] [INFO] - [com.xinling.test.mathsGame.FunGameTest] - The 13 line comparison: true
[2018-07-29 18:21:05] [INFO] - [com.xinling.test.mathsGame.FunGameTest] - The 14 line comparison: true
[2018-07-29 18:21:05] [INFO] - [com.xinling.test.mathsGame.FunGameTest] - The 15 line comparison: true
[2018-07-29 18:21:05] [INFO] - [com.xinling.test.mathsGame.FunGameTest] - The 16 line comparison: true
[2018-07-29 18:21:05] [INFO] - [com.xinling.test.mathsGame.FunGameTest] - The 17 line comparison: true
[2018-07-29 18:21:05] [INFO] - [com.xinling.test.mathsGame.FunGameTest] - The 18 line comparison: true
[2018-07-29 18:21:05] [INFO] - [com.xinling.test.mathsGame.FunGameTest] - The 19 line comparison: true
[2018-07-29 18:21:05] [INFO] - [com.xinling.test.mathsGame.FunGameTest] - The 20 line comparison: true
[2018-07-29 18:21:05] [INFO] - [com.xinling.test.mathsGame.FunGameTest] - The 21 line comparison: true
[2018-07-29 18:21:05] [INFO] - [com.xinling.test.mathsGame.FunGameTest] - The 22 line comparison: true
[2018-07-29 18:21:05] [INFO] - [com.xinling.test.mathsGame.FunGameTest] - The 23 line comparison: true
[2018-07-29 18:21:05] [INFO] - [com.xinling.test.mathsGame.FunGameTest] - The 24 line comparison: true
[2018-07-29 18:21:05] [INFO] - [com.xinling.test.mathsGame.FunGameTest] - The 25 line comparison: true
[2018-07-29 18:21:05] [INFO] - [com.xinling.test.mathsGame.FunGameTest] - The 26 line comparison: true
[2018-07-29 18:21:05] [INFO] - [com.xinling.test.mathsGame.FunGameTest] - The 27 line comparison: true
[2018-07-29 18:21:05] [INFO] - [com.xinling.test.mathsGame.FunGameTest] - The 28 line comparison: true
[2018-07-29 18:21:05] [INFO] - [com.xinling.test.mathsGame.FunGameTest] - The 29 line comparison: true
[2018-07-29 18:21:05] [INFO] - [com.xinling.test.mathsGame.FunGameTest] - The 30 line comparison: true
[2018-07-29 18:21:05] [INFO] - [com.xinling.test.mathsGame.FunGameTest] - The 31 line comparison: true
[2018-07-29 18:21:05] [INFO] - [com.xinling.test.mathsGame.FunGameTest] - The 32 line comparison: true
[2018-07-29 18:21:05] [INFO] - [com.xinling.test.mathsGame.FunGameTest] - The 33 line comparison: true
[2018-07-29 18:21:05] [INFO] - [com.xinling.test.mathsGame.FunGameTest] - The 34 line comparison: true
[2018-07-29 18:21:05] [INFO] - [com.xinling.test.mathsGame.FunGameTest] - The 35 line comparison: true
[2018-07-29 18:21:05] [INFO] - [com.xinling.test.mathsGame.FunGameTest] - The 36 line comparison: true
[2018-07-29 18:21:05] [INFO] - [com.xinling.test.mathsGame.FunGameTest] - The 37 line comparison: true
[2018-07-29 18:21:05] [INFO] - [com.xinling.test.mathsGame.FunGameTest] - The 38 line comparison: true
[2018-07-29 18:21:05] [INFO] - [com.xinling.test.mathsGame.FunGameTest] - The 39 line comparison: true
[2018-07-29 18:21:05] [INFO] - [com.xinling.test.mathsGame.FunGameTest] - The 40 line comparison: true
[2018-07-29 18:21:05] [INFO] - [com.xinling.test.mathsGame.FunGameTest] - The 41 line comparison: true
[2018-07-29 18:21:05] [INFO] - [com.xinling.test.mathsGame.FunGameTest] - The 42 line comparison: true
[2018-07-29 18:21:05] [INFO] - [com.xinling.test.mathsGame.FunGameTest] - The 43 line comparison: true
[2018-07-29 18:21:05] [INFO] - [com.xinling.test.mathsGame.FunGameTest] - The 44 line comparison: true
[2018-07-29 18:21:05] [INFO] - [com.xinling.test.mathsGame.FunGameTest] - The 45 line comparison: true
[2018-07-29 18:21:05] [INFO] - [com.xinling.test.mathsGame.FunGameTest] - The 46 line comparison: true
[2018-07-29 18:21:05] [INFO] - [com.xinling.test.mathsGame.FunGameTest] - The 47 line comparison: true
[2018-07-29 18:21:05] [INFO] - [com.xinling.test.mathsGame.FunGameTest] - The 48 line comparison: true
[2018-07-29 18:21:05] [INFO] - [com.xinling.test.mathsGame.FunGameTest] - The 49 line comparison: true
[2018-07-29 18:21:05] [INFO] - [com.xinling.test.mathsGame.FunGameTest] - The 50 line comparison: true
[2018-07-29 18:21:05] [INFO] - [com.xinling.test.mathsGame.FunGameTest] - The 51 line comparison: true
[2018-07-29 18:21:05] [INFO] - [com.xinling.test.mathsGame.FunGameTest] - The 52 line comparison: true
[2018-07-29 18:21:05] [INFO] - [com.xinling.test.mathsGame.FunGameTest] - The 53 line comparison: true
[2018-07-29 18:21:05] [INFO] - [com.xinling.test.mathsGame.FunGameTest] - The 54 line comparison: true
[2018-07-29 18:21:05] [INFO] - [com.xinling.test.mathsGame.FunGameTest] - The 55 line comparison: true
[2018-07-29 18:21:05] [INFO] - [com.xinling.test.mathsGame.FunGameTest] - The 56 line comparison: true
[2018-07-29 18:21:05] [INFO] - [com.xinling.test.mathsGame.FunGameTest] - The 57 line comparison: true
[2018-07-29 18:21:05] [INFO] - [com.xinling.test.mathsGame.FunGameTest] - The 58 line comparison: true
[2018-07-29 18:21:05] [INFO] - [com.xinling.test.mathsGame.FunGameTest] - The 59 line comparison: true
[2018-07-29 18:21:05] [INFO] - [com.xinling.test.mathsGame.FunGameTest] - The 60 line comparison: true
[2018-07-29 18:21:05] [INFO] - [com.xinling.test.mathsGame.FunGameTest] - The 61 line comparison: true
[2018-07-29 18:21:05] [INFO] - [com.xinling.test.mathsGame.FunGameTest] - The 62 line comparison: true
[2018-07-29 18:21:05] [INFO] - [com.xinling.test.mathsGame.FunGameTest] - The 63 line comparison: true
[2018-07-29 18:21:05] [INFO] - [com.xinling.test.mathsGame.FunGameTest] - The 64 line comparison: true
[2018-07-29 18:21:05] [INFO] - [com.xinling.test.mathsGame.FunGameTest] - The 65 line comparison: true
[2018-07-29 18:21:05] [INFO] - [com.xinling.test.mathsGame.FunGameTest] - The 66 line comparison: true
[2018-07-29 18:21:05] [INFO] - [com.xinling.test.mathsGame.FunGameTest] - The 67 line comparison: true
[2018-07-29 18:21:05] [INFO] - [com.xinling.test.mathsGame.FunGameTest] - The 68 line comparison: true
[2018-07-29 18:21:05] [INFO] - [com.xinling.test.mathsGame.FunGameTest] - The 69 line comparison: true
[2018-07-29 18:21:05] [INFO] - [com.xinling.test.mathsGame.FunGameTest] - The 70 line comparison: true
[2018-07-29 18:21:05] [INFO] - [com.xinling.test.mathsGame.FunGameTest] - The 71 line comparison: true
[2018-07-29 18:21:05] [INFO] - [com.xinling.test.mathsGame.FunGameTest] - The 72 line comparison: true
[2018-07-29 18:21:05] [INFO] - [com.xinling.test.mathsGame.FunGameTest] - The 73 line comparison: true
[2018-07-29 18:21:05] [INFO] - [com.xinling.test.mathsGame.FunGameTest] - The 74 line comparison: true
[2018-07-29 18:21:05] [INFO] - [com.xinling.test.mathsGame.FunGameTest] - The 75 line comparison: true
[2018-07-29 18:21:05] [INFO] - [com.xinling.test.mathsGame.FunGameTest] - The 76 line comparison: true
[2018-07-29 18:21:05] [INFO] - [com.xinling.test.mathsGame.FunGameTest] - The 77 line comparison: true
[2018-07-29 18:21:05] [INFO] - [com.xinling.test.mathsGame.FunGameTest] - The 78 line comparison: true
[2018-07-29 18:21:05] [INFO] - [com.xinling.test.mathsGame.FunGameTest] - The 79 line comparison: true
[2018-07-29 18:21:05] [INFO] - [com.xinling.test.mathsGame.FunGameTest] - The 80 line comparison: true
[2018-07-29 18:21:05] [INFO] - [com.xinling.test.mathsGame.FunGameTest] - The 81 line comparison: true
[2018-07-29 18:21:05] [INFO] - [com.xinling.test.mathsGame.FunGameTest] - The 82 line comparison: true
[2018-07-29 18:21:05] [INFO] - [com.xinling.test.mathsGame.FunGameTest] - The 83 line comparison: true
[2018-07-29 18:21:05] [INFO] - [com.xinling.test.mathsGame.FunGameTest] - The 84 line comparison: true
[2018-07-29 18:21:05] [INFO] - [com.xinling.test.mathsGame.FunGameTest] - The 85 line comparison: true
[2018-07-29 18:21:05] [INFO] - [com.xinling.test.mathsGame.FunGameTest] - The 86 line comparison: true
[2018-07-29 18:21:05] [INFO] - [com.xinling.test.mathsGame.FunGameTest] - The 87 line comparison: true
[2018-07-29 18:21:05] [INFO] - [com.xinling.test.mathsGame.FunGameTest] - The 88 line comparison: true
[2018-07-29 18:21:05] [INFO] - [com.xinling.test.mathsGame.FunGameTest] - The 89 line comparison: true
[2018-07-29 18:21:05] [INFO] - [com.xinling.test.mathsGame.FunGameTest] - The 90 line comparison: true
[2018-07-29 18:21:05] [INFO] - [com.xinling.test.mathsGame.FunGameTest] - The 91 line comparison: true
[2018-07-29 18:21:05] [INFO] - [com.xinling.test.mathsGame.FunGameTest] - The 92 line comparison: true
[2018-07-29 18:21:05] [INFO] - [com.xinling.test.mathsGame.FunGameTest] - The 93 line comparison: true
[2018-07-29 18:21:05] [INFO] - [com.xinling.test.mathsGame.FunGameTest] - The 94 line comparison: true
[2018-07-29 18:21:05] [INFO] - [com.xinling.test.mathsGame.FunGameTest] - The 95 line comparison: true
[2018-07-29 18:21:05] [INFO] - [com.xinling.test.mathsGame.FunGameTest] - The 96 line comparison: true
[2018-07-29 18:21:05] [INFO] - [com.xinling.test.mathsGame.FunGameTest] - The 97 line comparison: true
[2018-07-29 18:21:05] [INFO] - [com.xinling.test.mathsGame.FunGameTest] - The 98 line comparison: true
[2018-07-29 18:21:05] [INFO] - [com.xinling.test.mathsGame.FunGameTest] - The 99 line comparison: true
[2018-07-29 18:21:05] [INFO] - [com.xinling.test.mathsGame.FunGameTest] - The 100 line comparison: true
[2018-07-29 18:21:05] [INFO] - [com.xinling.test.mathsGame.FunGameTest] - Compare the result list --- End!
[2018-07-29 18:21:05] [INFO] - [com.xinling.test.mathsGame.FunGameTest] - verification done!	 Passed!
[2018-07-29 18:21:05] [INFO] - [com.xinling.test.mathsGame.FunGameTest] - Reverse Scope of start ~ end data verfication!
[2018-07-29 18:21:05] [INFO] - [com.xinling.test.mathsGame.FunGameTest] - verification done!	 Passed!
[2018-07-29 18:21:05] [INFO] - [com.xinling.test.mathsGame.FunGameTest] - Null Scope of start ~ end data verfication!
[2018-07-29 18:21:05] [INFO] - [com.xinling.test.mathsGame.FunGameTest] - verification done!	 Passed!
[2018-07-29 18:21:05] [INFO] - [com.xinling.test.mathsGame.BaseTest] - Execution Done, Here we quit test!
[2018-07-29 18:21:20] [INFO] - [com.xinling.test.mathsGame.BaseTest] - Prepare to Load Test Data!
[2018-07-29 18:21:20] [INFO] - [com.xinling.test.mathsGame.FunGameTest] - Inscope(1~100) test data verification!
[2018-07-29 18:21:20] [INFO] - [com.xinling.test.mathsGame.FunGameTest] - Compare the result list --- Start:
[2018-07-29 18:21:20] [INFO] - [com.xinling.test.mathsGame.FunGameTest] - The 1 line comparison: true
[2018-07-29 18:21:20] [INFO] - [com.xinling.test.mathsGame.FunGameTest] - The 2 line comparison: true
[2018-07-29 18:21:20] [INFO] - [com.xinling.test.mathsGame.FunGameTest] - The 3 line comparison: true
[2018-07-29 18:21:20] [INFO] - [com.xinling.test.mathsGame.FunGameTest] - The 4 line comparison: true
[2018-07-29 18:21:20] [INFO] - [com.xinling.test.mathsGame.FunGameTest] - The 5 line comparison: true
[2018-07-29 18:21:20] [INFO] - [com.xinling.test.mathsGame.FunGameTest] - The 6 line comparison: true
[2018-07-29 18:21:20] [INFO] - [com.xinling.test.mathsGame.FunGameTest] - The 7 line comparison: true
[2018-07-29 18:21:20] [INFO] - [com.xinling.test.mathsGame.FunGameTest] - The 8 line comparison: true
[2018-07-29 18:21:20] [INFO] - [com.xinling.test.mathsGame.FunGameTest] - The 9 line comparison: true
[2018-07-29 18:21:20] [INFO] - [com.xinling.test.mathsGame.FunGameTest] - The 10 line comparison: true
[2018-07-29 18:21:20] [INFO] - [com.xinling.test.mathsGame.FunGameTest] - The 11 line comparison: true
[2018-07-29 18:21:20] [INFO] - [com.xinling.test.mathsGame.FunGameTest] - The 12 line comparison: true
[2018-07-29 18:21:20] [INFO] - [com.xinling.test.mathsGame.FunGameTest] - The 13 line comparison: true
[2018-07-29 18:21:20] [INFO] - [com.xinling.test.mathsGame.FunGameTest] - The 14 line comparison: true
[2018-07-29 18:21:20] [INFO] - [com.xinling.test.mathsGame.FunGameTest] - The 15 line comparison: true
[2018-07-29 18:21:20] [INFO] - [com.xinling.test.mathsGame.FunGameTest] - The 16 line comparison: true
[2018-07-29 18:21:20] [INFO] - [com.xinling.test.mathsGame.FunGameTest] - The 17 line comparison: true
[2018-07-29 18:21:20] [INFO] - [com.xinling.test.mathsGame.FunGameTest] - The 18 line comparison: true
[2018-07-29 18:21:20] [INFO] - [com.xinling.test.mathsGame.FunGameTest] - The 19 line comparison: true
[2018-07-29 18:21:20] [INFO] - [com.xinling.test.mathsGame.FunGameTest] - The 20 line comparison: true
[2018-07-29 18:21:20] [INFO] - [com.xinling.test.mathsGame.FunGameTest] - The 21 line comparison: true
[2018-07-29 18:21:20] [INFO] - [com.xinling.test.mathsGame.FunGameTest] - The 22 line comparison: true
[2018-07-29 18:21:20] [INFO] - [com.xinling.test.mathsGame.FunGameTest] - The 23 line comparison: true
[2018-07-29 18:21:20] [INFO] - [com.xinling.test.mathsGame.FunGameTest] - The 24 line comparison: true
[2018-07-29 18:21:20] [INFO] - [com.xinling.test.mathsGame.FunGameTest] - The 25 line comparison: true
[2018-07-29 18:21:20] [INFO] - [com.xinling.test.mathsGame.FunGameTest] - The 26 line comparison: true
[2018-07-29 18:21:20] [INFO] - [com.xinling.test.mathsGame.FunGameTest] - The 27 line comparison: true
[2018-07-29 18:21:20] [INFO] - [com.xinling.test.mathsGame.FunGameTest] - The 28 line comparison: true
[2018-07-29 18:21:20] [INFO] - [com.xinling.test.mathsGame.FunGameTest] - The 29 line comparison: true
[2018-07-29 18:21:20] [INFO] - [com.xinling.test.mathsGame.FunGameTest] - The 30 line comparison: true
[2018-07-29 18:21:20] [INFO] - [com.xinling.test.mathsGame.FunGameTest] - The 31 line comparison: true
[2018-07-29 18:21:20] [INFO] - [com.xinling.test.mathsGame.FunGameTest] - The 32 line comparison: true
[2018-07-29 18:21:20] [INFO] - [com.xinling.test.mathsGame.FunGameTest] - The 33 line comparison: true
[2018-07-29 18:21:20] [INFO] - [com.xinling.test.mathsGame.FunGameTest] - The 34 line comparison: true
[2018-07-29 18:21:20] [INFO] - [com.xinling.test.mathsGame.FunGameTest] - The 35 line comparison: true
[2018-07-29 18:21:20] [INFO] - [com.xinling.test.mathsGame.FunGameTest] - The 36 line comparison: true
[2018-07-29 18:21:20] [INFO] - [com.xinling.test.mathsGame.FunGameTest] - The 37 line comparison: true
[2018-07-29 18:21:20] [INFO] - [com.xinling.test.mathsGame.FunGameTest] - The 38 line comparison: true
[2018-07-29 18:21:20] [INFO] - [com.xinling.test.mathsGame.FunGameTest] - The 39 line comparison: true
[2018-07-29 18:21:20] [INFO] - [com.xinling.test.mathsGame.FunGameTest] - The 40 line comparison: true
[2018-07-29 18:21:20] [INFO] - [com.xinling.test.mathsGame.FunGameTest] - The 41 line comparison: true
[2018-07-29 18:21:20] [INFO] - [com.xinling.test.mathsGame.FunGameTest] - The 42 line comparison: true
[2018-07-29 18:21:20] [INFO] - [com.xinling.test.mathsGame.FunGameTest] - The 43 line comparison: true
[2018-07-29 18:21:20] [INFO] - [com.xinling.test.mathsGame.FunGameTest] - The 44 line comparison: true
[2018-07-29 18:21:20] [INFO] - [com.xinling.test.mathsGame.FunGameTest] - The 45 line comparison: true
[2018-07-29 18:21:20] [INFO] - [com.xinling.test.mathsGame.FunGameTest] - The 46 line comparison: true
[2018-07-29 18:21:20] [INFO] - [com.xinling.test.mathsGame.FunGameTest] - The 47 line comparison: true
[2018-07-29 18:21:20] [INFO] - [com.xinling.test.mathsGame.FunGameTest] - The 48 line comparison: true
[2018-07-29 18:21:20] [INFO] - [com.xinling.test.mathsGame.FunGameTest] - The 49 line comparison: true
[2018-07-29 18:21:20] [INFO] - [com.xinling.test.mathsGame.FunGameTest] - The 50 line comparison: true
[2018-07-29 18:21:20] [INFO] - [com.xinling.test.mathsGame.FunGameTest] - The 51 line comparison: true
[2018-07-29 18:21:20] [INFO] - [com.xinling.test.mathsGame.FunGameTest] - The 52 line comparison: true
[2018-07-29 18:21:20] [INFO] - [com.xinling.test.mathsGame.FunGameTest] - The 53 line comparison: true
[2018-07-29 18:21:20] [INFO] - [com.xinling.test.mathsGame.FunGameTest] - The 54 line comparison: true
[2018-07-29 18:21:20] [INFO] - [com.xinling.test.mathsGame.FunGameTest] - The 55 line comparison: true
[2018-07-29 18:21:20] [INFO] - [com.xinling.test.mathsGame.FunGameTest] - The 56 line comparison: true
[2018-07-29 18:21:20] [INFO] - [com.xinling.test.mathsGame.FunGameTest] - The 57 line comparison: true
[2018-07-29 18:21:20] [INFO] - [com.xinling.test.mathsGame.FunGameTest] - The 58 line comparison: true
[2018-07-29 18:21:20] [INFO] - [com.xinling.test.mathsGame.FunGameTest] - The 59 line comparison: true
[2018-07-29 18:21:20] [INFO] - [com.xinling.test.mathsGame.FunGameTest] - The 60 line comparison: true
[2018-07-29 18:21:20] [INFO] - [com.xinling.test.mathsGame.FunGameTest] - The 61 line comparison: true
[2018-07-29 18:21:20] [INFO] - [com.xinling.test.mathsGame.FunGameTest] - The 62 line comparison: true
[2018-07-29 18:21:20] [INFO] - [com.xinling.test.mathsGame.FunGameTest] - The 63 line comparison: true
[2018-07-29 18:21:20] [INFO] - [com.xinling.test.mathsGame.FunGameTest] - The 64 line comparison: true
[2018-07-29 18:21:20] [INFO] - [com.xinling.test.mathsGame.FunGameTest] - The 65 line comparison: true
[2018-07-29 18:21:20] [INFO] - [com.xinling.test.mathsGame.FunGameTest] - The 66 line comparison: true
[2018-07-29 18:21:20] [INFO] - [com.xinling.test.mathsGame.FunGameTest] - The 67 line comparison: true
[2018-07-29 18:21:20] [INFO] - [com.xinling.test.mathsGame.FunGameTest] - The 68 line comparison: true
[2018-07-29 18:21:20] [INFO] - [com.xinling.test.mathsGame.FunGameTest] - The 69 line comparison: true
[2018-07-29 18:21:20] [INFO] - [com.xinling.test.mathsGame.FunGameTest] - The 70 line comparison: true
[2018-07-29 18:21:20] [INFO] - [com.xinling.test.mathsGame.FunGameTest] - The 71 line comparison: true
[2018-07-29 18:21:20] [INFO] - [com.xinling.test.mathsGame.FunGameTest] - The 72 line comparison: true
[2018-07-29 18:21:20] [INFO] - [com.xinling.test.mathsGame.FunGameTest] - The 73 line comparison: true
[2018-07-29 18:21:20] [INFO] - [com.xinling.test.mathsGame.FunGameTest] - The 74 line comparison: true
[2018-07-29 18:21:20] [INFO] - [com.xinling.test.mathsGame.FunGameTest] - The 75 line comparison: true
[2018-07-29 18:21:20] [INFO] - [com.xinling.test.mathsGame.FunGameTest] - The 76 line comparison: true
[2018-07-29 18:21:20] [INFO] - [com.xinling.test.mathsGame.FunGameTest] - The 77 line comparison: true
[2018-07-29 18:21:20] [INFO] - [com.xinling.test.mathsGame.FunGameTest] - The 78 line comparison: true
[2018-07-29 18:21:20] [INFO] - [com.xinling.test.mathsGame.FunGameTest] - The 79 line comparison: true
[2018-07-29 18:21:20] [INFO] - [com.xinling.test.mathsGame.FunGameTest] - The 80 line comparison: true
[2018-07-29 18:21:20] [INFO] - [com.xinling.test.mathsGame.FunGameTest] - The 81 line comparison: true
[2018-07-29 18:21:20] [INFO] - [com.xinling.test.mathsGame.FunGameTest] - The 82 line comparison: true
[2018-07-29 18:21:20] [INFO] - [com.xinling.test.mathsGame.FunGameTest] - The 83 line comparison: true
[2018-07-29 18:21:20] [INFO] - [com.xinling.test.mathsGame.FunGameTest] - The 84 line comparison: true
[2018-07-29 18:21:20] [INFO] - [com.xinling.test.mathsGame.FunGameTest] - The 85 line comparison: true
[2018-07-29 18:21:20] [INFO] - [com.xinling.test.mathsGame.FunGameTest] - The 86 line comparison: true
[2018-07-29 18:21:20] [INFO] - [com.xinling.test.mathsGame.FunGameTest] - The 87 line comparison: true
[2018-07-29 18:21:20] [INFO] - [com.xinling.test.mathsGame.FunGameTest] - The 88 line comparison: true
[2018-07-29 18:21:20] [INFO] - [com.xinling.test.mathsGame.FunGameTest] - The 89 line comparison: true
[2018-07-29 18:21:20] [INFO] - [com.xinling.test.mathsGame.FunGameTest] - The 90 line comparison: true
[2018-07-29 18:21:20] [INFO] - [com.xinling.test.mathsGame.FunGameTest] - The 91 line comparison: true
[2018-07-29 18:21:20] [INFO] - [com.xinling.test.mathsGame.FunGameTest] - The 92 line comparison: true
[2018-07-29 18:21:20] [INFO] - [com.xinling.test.mathsGame.FunGameTest] - The 93 line comparison: true
[2018-07-29 18:21:20] [INFO] - [com.xinling.test.mathsGame.FunGameTest] - The 94 line comparison: true
[2018-07-29 18:21:20] [INFO] - [com.xinling.test.mathsGame.FunGameTest] - The 95 line comparison: true
[2018-07-29 18:21:20] [INFO] - [com.xinling.test.mathsGame.FunGameTest] - The 96 line comparison: true
[2018-07-29 18:21:20] [INFO] - [com.xinling.test.mathsGame.FunGameTest] - The 97 line comparison: true
[2018-07-29 18:21:20] [INFO] - [com.xinling.test.mathsGame.FunGameTest] - The 98 line comparison: true
[2018-07-29 18:21:20] [INFO] - [com.xinling.test.mathsGame.FunGameTest] - The 99 line comparison: true
[2018-07-29 18:21:20] [INFO] - [com.xinling.test.mathsGame.FunGameTest] - The 100 line comparison: true
[2018-07-29 18:21:20] [INFO] - [com.xinling.test.mathsGame.FunGameTest] - Compare the result list --- End!
[2018-07-29 18:21:20] [INFO] - [com.xinling.test.mathsGame.FunGameTest] - verification done!	 Passed!
[2018-07-29 18:21:20] [INFO] - [com.xinling.test.mathsGame.FunGameTest] - Reverse Scope of start ~ end data verfication!
[2018-07-29 18:21:20] [INFO] - [com.xinling.test.mathsGame.FunGameTest] - verification done!	 Passed!
[2018-07-29 18:21:20] [INFO] - [com.xinling.test.mathsGame.FunGameTest] - Null Scope of start ~ end data verfication!
[2018-07-29 18:21:20] [INFO] - [com.xinling.test.mathsGame.FunGameTest] - verification done!	 Passed!
[2018-07-29 18:21:20] [INFO] - [com.xinling.test.mathsGame.BaseTest] - Execution Done, Here we quit test!
